[INFO] Scanning for projects...
[INFO] 
[INFO] ------------------------< sam_wen:cities-graph >------------------------
[INFO] Building cities-graph 0.0.1-SNAPSHOT
[INFO] --------------------------------[ jar ]---------------------------------
[INFO] 
[INFO] --- jacoco-maven-plugin:0.7.7.201606060606:prepare-agent (prepare-agent) @ cities-graph ---
[INFO] argLine set to -javaagent:/Users/sam/.m2/repository/org/jacoco/org.jacoco.agent/0.7.7.201606060606/org.jacoco.agent-0.7.7.201606060606-runtime.jar=destfile=/Users/sam/Workspace/cities-graph/target/jacoco.exec
[INFO] 
[INFO] --- maven-resources-plugin:3.1.0:resources (default-resources) @ cities-graph ---
[INFO] Using 'UTF-8' encoding to copy filtered resources.
[INFO] Copying 1 resource
[INFO] Copying 0 resource
[INFO] 
[INFO] --- maven-compiler-plugin:3.8.0:compile (default-compile) @ cities-graph ---
[INFO] Nothing to compile - all classes are up to date
[INFO] 
[INFO] --- maven-resources-plugin:3.1.0:testResources (default-testResources) @ cities-graph ---
[INFO] Using 'UTF-8' encoding to copy filtered resources.
[INFO] skip non existing resourceDirectory /Users/sam/Workspace/cities-graph/src/test/resources
[INFO] 
[INFO] --- maven-compiler-plugin:3.8.0:testCompile (default-testCompile) @ cities-graph ---
[INFO] Nothing to compile - all classes are up to date
[INFO] 
[INFO] --- maven-surefire-plugin:2.22.1:test (default-test) @ cities-graph ---
[INFO] 
[INFO] -------------------------------------------------------
[INFO]  T E S T S
[INFO] -------------------------------------------------------
[INFO] Running sam_wen.cities_graph.CitiesApplicationTest

  .   ____          _            __ _ _
 /\\ / ___'_ __ _ _(_)_ __  __ _ \ \ \ \
( ( )\___ | '_ | '_| | '_ \/ _` | \ \ \ \
 \\/  ___)| |_)| | | | | || (_| |  ) ) ) )
  '  |____| .__|_| |_|_| |_\__, | / / / /
 =========|_|==============|___/=/_/_/_/
 :: Spring Boot ::        (v2.1.3.RELEASE)

2019-02-24 12:57:15.414  INFO 8065 --- [           main] sam_wen.cities_graph.CitiesApplication   : Starting CitiesApplication on yoda with PID 8065 (started by sam in /Users/sam/Workspace/cities-graph)
2019-02-24 12:57:15.419 DEBUG 8065 --- [           main] sam_wen.cities_graph.CitiesApplication   : Running with Spring Boot v2.1.3.RELEASE, Spring v5.1.5.RELEASE
2019-02-24 12:57:15.420  INFO 8065 --- [           main] sam_wen.cities_graph.CitiesApplication   : No active profile set, falling back to default profiles: default
2019-02-24 12:57:18.020  INFO 8065 --- [           main] o.s.b.w.embedded.tomcat.TomcatWebServer  : Tomcat initialized with port(s): 8080 (http)
2019-02-24 12:57:18.065  INFO 8065 --- [           main] o.apache.catalina.core.StandardService   : Starting service [Tomcat]
2019-02-24 12:57:18.066  INFO 8065 --- [           main] org.apache.catalina.core.StandardEngine  : Starting Servlet engine: [Apache Tomcat/9.0.16]
2019-02-24 12:57:18.086  INFO 8065 --- [           main] o.a.catalina.core.AprLifecycleListener   : The APR based Apache Tomcat Native library which allows optimal performance in production environments was not found on the java.library.path: [/Users/sam/Library/Java/Extensions:/Library/Java/Extensions:/Network/Library/Java/Extensions:/System/Library/Java/Extensions:/usr/lib/java:.]
2019-02-24 12:57:18.237  INFO 8065 --- [           main] o.a.c.c.C.[Tomcat].[localhost].[/]       : Initializing Spring embedded WebApplicationContext
2019-02-24 12:57:18.237  INFO 8065 --- [           main] o.s.web.context.ContextLoader            : Root WebApplicationContext: initialization completed in 2733 ms
2019-02-24 12:57:18.347 TRACE 8065 --- [           main] s.c.ReadCitiesServiceFromFile            : read OK lines = 4; read Error lines = 0
2019-02-24 12:57:18.876  INFO 8065 --- [           main] pertySourcedRequestMappingHandlerMapping : Mapped URL path [/v2/api-docs] onto method [public org.springframework.http.ResponseEntity<springfox.documentation.spring.web.json.Json> springfox.documentation.swagger2.web.Swagger2Controller.getDocumentation(java.lang.String,javax.servlet.http.HttpServletRequest)]
2019-02-24 12:57:19.087  INFO 8065 --- [           main] o.s.s.concurrent.ThreadPoolTaskExecutor  : Initializing ExecutorService 'applicationTaskExecutor'
2019-02-24 12:57:19.345  INFO 8065 --- [           main] d.s.w.p.DocumentationPluginsBootstrapper : Context refreshed
2019-02-24 12:57:19.406  INFO 8065 --- [           main] d.s.w.p.DocumentationPluginsBootstrapper : Found 1 custom documentation plugin(s)
2019-02-24 12:57:19.446  INFO 8065 --- [           main] s.d.s.w.s.ApiListingReferenceScanner     : Scanning for api listing references
2019-02-24 12:57:19.680  INFO 8065 --- [           main] o.s.b.w.embedded.tomcat.TomcatWebServer  : Tomcat started on port(s): 8080 (http) with context path ''
2019-02-24 12:57:19.687  INFO 8065 --- [           main] sam_wen.cities_graph.CitiesApplication   : Started CitiesApplication in 5.01 seconds (JVM running for 6.151)
[INFO] Tests run: 1, Failures: 0, Errors: 0, Skipped: 0, Time elapsed: 5.405 s - in sam_wen.cities_graph.CitiesApplicationTest
[INFO] Running sam_wen.cities_graph.HttpRequestTest
2019-02-24 12:57:19.737  INFO 8065 --- [           main] .b.t.c.SpringBootTestContextBootstrapper : Neither @ContextConfiguration nor @ContextHierarchy found for test class [sam_wen.cities_graph.HttpRequestTest], using SpringBootContextLoader
2019-02-24 12:57:19.739  INFO 8065 --- [           main] o.s.t.c.support.AbstractContextLoader    : Could not detect default resource locations for test class [sam_wen.cities_graph.HttpRequestTest]: no resource found for suffixes {-context.xml, Context.groovy}.
2019-02-24 12:57:19.741  INFO 8065 --- [           main] t.c.s.AnnotationConfigContextLoaderUtils : Could not detect default configuration classes for test class [sam_wen.cities_graph.HttpRequestTest]: HttpRequestTest does not declare any static, non-private, non-final, nested classes annotated with @Configuration.
2019-02-24 12:57:19.806  INFO 8065 --- [           main] .b.t.c.SpringBootTestContextBootstrapper : Found @SpringBootConfiguration sam_wen.cities_graph.CitiesApplication for test class sam_wen.cities_graph.HttpRequestTest
2019-02-24 12:57:19.812  INFO 8065 --- [           main] .b.t.c.SpringBootTestContextBootstrapper : Loaded default TestExecutionListener class names from location [META-INF/spring.factories]: [org.springframework.boot.test.mock.mockito.MockitoTestExecutionListener, org.springframework.boot.test.mock.mockito.ResetMocksTestExecutionListener, org.springframework.boot.test.autoconfigure.restdocs.RestDocsTestExecutionListener, org.springframework.boot.test.autoconfigure.web.client.MockRestServiceServerResetTestExecutionListener, org.springframework.boot.test.autoconfigure.web.servlet.MockMvcPrintOnlyOnFailureTestExecutionListener, org.springframework.boot.test.autoconfigure.web.servlet.WebDriverTestExecutionListener, org.springframework.test.context.web.ServletTestExecutionListener, org.springframework.test.context.support.DirtiesContextBeforeModesTestExecutionListener, org.springframework.test.context.support.DependencyInjectionTestExecutionListener, org.springframework.test.context.support.DirtiesContextTestExecutionListener, org.springframework.test.context.transaction.TransactionalTestExecutionListener, org.springframework.test.context.jdbc.SqlScriptsTestExecutionListener]
2019-02-24 12:57:19.826  INFO 8065 --- [           main] .b.t.c.SpringBootTestContextBootstrapper : Using TestExecutionListeners: [org.springframework.test.context.web.ServletTestExecutionListener@77092597, org.springframework.test.context.support.DirtiesContextBeforeModesTestExecutionListener@1e98ee48, org.springframework.boot.test.mock.mockito.MockitoTestExecutionListener@4b935a8b, org.springframework.boot.test.autoconfigure.SpringBootDependencyInjectionTestExecutionListener@51f15610, org.springframework.test.context.support.DirtiesContextTestExecutionListener@6feaf424, org.springframework.boot.test.mock.mockito.ResetMocksTestExecutionListener@36d9ad3f, org.springframework.boot.test.autoconfigure.restdocs.RestDocsTestExecutionListener@674fee6d, org.springframework.boot.test.autoconfigure.web.client.MockRestServiceServerResetTestExecutionListener@3c556542, org.springframework.boot.test.autoconfigure.web.servlet.MockMvcPrintOnlyOnFailureTestExecutionListener@4a6ed38, org.springframework.boot.test.autoconfigure.web.servlet.WebDriverTestExecutionListener@7fed08c6]

  .   ____          _            __ _ _
 /\\ / ___'_ __ _ _(_)_ __  __ _ \ \ \ \
( ( )\___ | '_ | '_| | '_ \/ _` | \ \ \ \
 \\/  ___)| |_)| | | | | || (_| |  ) ) ) )
  '  |____| .__|_| |_|_| |_\__, | / / / /
 =========|_|==============|___/=/_/_/_/
 :: Spring Boot ::        (v2.1.3.RELEASE)

2019-02-24 12:57:19.876  INFO 8065 --- [           main] sam_wen.cities_graph.HttpRequestTest     : Starting HttpRequestTest on yoda with PID 8065 (started by sam in /Users/sam/Workspace/cities-graph)
2019-02-24 12:57:19.876 DEBUG 8065 --- [           main] sam_wen.cities_graph.HttpRequestTest     : Running with Spring Boot v2.1.3.RELEASE, Spring v5.1.5.RELEASE
2019-02-24 12:57:19.877  INFO 8065 --- [           main] sam_wen.cities_graph.HttpRequestTest     : No active profile set, falling back to default profiles: default
2019-02-24 12:57:20.330  INFO 8065 --- [           main] o.s.b.w.embedded.tomcat.TomcatWebServer  : Tomcat initialized with port(s): 0 (http)
2019-02-24 12:57:20.331  INFO 8065 --- [           main] o.apache.catalina.core.StandardService   : Starting service [Tomcat]
2019-02-24 12:57:20.332  INFO 8065 --- [           main] org.apache.catalina.core.StandardEngine  : Starting Servlet engine: [Apache Tomcat/9.0.16]
2019-02-24 12:57:20.336  INFO 8065 --- [           main] o.a.c.c.C.[Tomcat-1].[localhost].[/]     : Initializing Spring embedded WebApplicationContext
2019-02-24 12:57:20.337  INFO 8065 --- [           main] o.s.web.context.ContextLoader            : Root WebApplicationContext: initialization completed in 457 ms
2019-02-24 12:57:20.406 TRACE 8065 --- [           main] s.c.ReadCitiesServiceFromFile            : read OK lines = 4; read Error lines = 0
2019-02-24 12:57:20.742  INFO 8065 --- [           main] pertySourcedRequestMappingHandlerMapping : Mapped URL path [/v2/api-docs] onto method [public org.springframework.http.ResponseEntity<springfox.documentation.spring.web.json.Json> springfox.documentation.swagger2.web.Swagger2Controller.getDocumentation(java.lang.String,javax.servlet.http.HttpServletRequest)]
2019-02-24 12:57:20.906  INFO 8065 --- [           main] o.s.s.concurrent.ThreadPoolTaskExecutor  : Initializing ExecutorService 'applicationTaskExecutor'
2019-02-24 12:57:21.039  INFO 8065 --- [           main] d.s.w.p.DocumentationPluginsBootstrapper : Context refreshed
2019-02-24 12:57:21.040  INFO 8065 --- [           main] d.s.w.p.DocumentationPluginsBootstrapper : Found 1 custom documentation plugin(s)
2019-02-24 12:57:21.045  INFO 8065 --- [           main] s.d.s.w.s.ApiListingReferenceScanner     : Scanning for api listing references
2019-02-24 12:57:21.070  INFO 8065 --- [           main] o.s.b.w.embedded.tomcat.TomcatWebServer  : Tomcat started on port(s): 56774 (http) with context path ''
2019-02-24 12:57:21.072  INFO 8065 --- [           main] sam_wen.cities_graph.HttpRequestTest     : Started HttpRequestTest in 1.234 seconds (JVM running for 7.536)
2019-02-24 12:57:21.498  INFO 8065 --- [o-auto-1-exec-1] o.a.c.c.C.[Tomcat-1].[localhost].[/]     : Initializing Spring DispatcherServlet 'dispatcherServlet'
2019-02-24 12:57:21.498  INFO 8065 --- [o-auto-1-exec-1] o.s.web.servlet.DispatcherServlet        : Initializing Servlet 'dispatcherServlet'
2019-02-24 12:57:21.528  INFO 8065 --- [o-auto-1-exec-1] o.s.web.servlet.DispatcherServlet        : Completed initialization in 30 ms
2019-02-24 12:57:21.593 ERROR 8065 --- [o-auto-1-exec-1] sam_wen.cities_graph.CitiesErrorHandler  : /error condition
2019-02-24 12:57:21.776  WARN 8065 --- [o-auto-1-exec-2] .w.s.m.s.DefaultHandlerExceptionResolver : Resolved [org.springframework.web.bind.MissingServletRequestParameterException: Required String parameter 'origin' is not present]
2019-02-24 12:57:21.778 ERROR 8065 --- [o-auto-1-exec-2] sam_wen.cities_graph.CitiesErrorHandler  : /error condition
2019-02-24 12:57:21.838  WARN 8065 --- [o-auto-1-exec-6] .w.s.m.s.DefaultHandlerExceptionResolver : Resolved [org.springframework.web.bind.MissingServletRequestParameterException: Required String parameter 'destination' is not present]
2019-02-24 12:57:21.840 ERROR 8065 --- [o-auto-1-exec-6] sam_wen.cities_graph.CitiesErrorHandler  : /error condition
2019-02-24 12:57:21.849  WARN 8065 --- [o-auto-1-exec-7] .w.s.m.s.DefaultHandlerExceptionResolver : Resolved [org.springframework.web.bind.MissingServletRequestParameterException: Required String parameter 'origin' is not present]
2019-02-24 12:57:21.851 ERROR 8065 --- [o-auto-1-exec-7] sam_wen.cities_graph.CitiesErrorHandler  : /error condition
2019-02-24 12:57:21.860 ERROR 8065 --- [o-auto-1-exec-8] sam_wen.cities_graph.AdjacencyListGraph  : destination is empty
2019-02-24 12:57:21.868 ERROR 8065 --- [o-auto-1-exec-9] sam_wen.cities_graph.AdjacencyListGraph  : origin is empty
[INFO] Tests run: 9, Failures: 0, Errors: 0, Skipped: 0, Time elapsed: 2.146 s - in sam_wen.cities_graph.HttpRequestTest
[INFO] Running sam_wen.cities_graph.AdjacencyListGraphTest
2019-02-24 12:57:21.876 ERROR 8065 --- [           main] sam_wen.cities_graph.AdjacencyListGraph  : origin is null
2019-02-24 12:57:21.877 ERROR 8065 --- [           main] sam_wen.cities_graph.AdjacencyListGraph  : origin is empty
2019-02-24 12:57:21.877 ERROR 8065 --- [           main] sam_wen.cities_graph.AdjacencyListGraph  : destination is null
2019-02-24 12:57:21.877 ERROR 8065 --- [           main] sam_wen.cities_graph.AdjacencyListGraph  : destination is empty
2019-02-24 12:57:21.877 ERROR 8065 --- [           main] sam_wen.cities_graph.AdjacencyListGraph  : destination is the same as origin
2019-02-24 12:57:21.878 ERROR 8065 --- [           main] sam_wen.cities_graph.AdjacencyListGraph  : origin is null
2019-02-24 12:57:21.878 ERROR 8065 --- [           main] sam_wen.cities_graph.AdjacencyListGraph  : origin is empty
2019-02-24 12:57:21.879 ERROR 8065 --- [           main] sam_wen.cities_graph.AdjacencyListGraph  : destination is null
2019-02-24 12:57:21.879 ERROR 8065 --- [           main] sam_wen.cities_graph.AdjacencyListGraph  : destination is empty
[INFO] Tests run: 4, Failures: 0, Errors: 0, Skipped: 0, Time elapsed: 0.011 s - in sam_wen.cities_graph.AdjacencyListGraphTest
[INFO] Running sam_wen.cities_graph.CitiesErrorHandlerTest
2019-02-24 12:57:21.882  INFO 8065 --- [           main] .b.t.c.SpringBootTestContextBootstrapper : Neither @ContextConfiguration nor @ContextHierarchy found for test class [sam_wen.cities_graph.CitiesErrorHandlerTest], using SpringBootContextLoader
2019-02-24 12:57:21.883  INFO 8065 --- [           main] o.s.t.c.support.AbstractContextLoader    : Could not detect default resource locations for test class [sam_wen.cities_graph.CitiesErrorHandlerTest]: no resource found for suffixes {-context.xml, Context.groovy}.
2019-02-24 12:57:21.883  INFO 8065 --- [           main] t.c.s.AnnotationConfigContextLoaderUtils : Could not detect default configuration classes for test class [sam_wen.cities_graph.CitiesErrorHandlerTest]: CitiesErrorHandlerTest does not declare any static, non-private, non-final, nested classes annotated with @Configuration.
2019-02-24 12:57:21.886  INFO 8065 --- [           main] .b.t.c.SpringBootTestContextBootstrapper : Found @SpringBootConfiguration sam_wen.cities_graph.CitiesApplication for test class sam_wen.cities_graph.CitiesErrorHandlerTest
2019-02-24 12:57:21.889  INFO 8065 --- [           main] .b.t.c.SpringBootTestContextBootstrapper : Loaded default TestExecutionListener class names from location [META-INF/spring.factories]: [org.springframework.boot.test.mock.mockito.MockitoTestExecutionListener, org.springframework.boot.test.mock.mockito.ResetMocksTestExecutionListener, org.springframework.boot.test.autoconfigure.restdocs.RestDocsTestExecutionListener, org.springframework.boot.test.autoconfigure.web.client.MockRestServiceServerResetTestExecutionListener, org.springframework.boot.test.autoconfigure.web.servlet.MockMvcPrintOnlyOnFailureTestExecutionListener, org.springframework.boot.test.autoconfigure.web.servlet.WebDriverTestExecutionListener, org.springframework.test.context.web.ServletTestExecutionListener, org.springframework.test.context.support.DirtiesContextBeforeModesTestExecutionListener, org.springframework.test.context.support.DependencyInjectionTestExecutionListener, org.springframework.test.context.support.DirtiesContextTestExecutionListener, org.springframework.test.context.transaction.TransactionalTestExecutionListener, org.springframework.test.context.jdbc.SqlScriptsTestExecutionListener]
2019-02-24 12:57:21.891  INFO 8065 --- [           main] .b.t.c.SpringBootTestContextBootstrapper : Using TestExecutionListeners: [org.springframework.test.context.web.ServletTestExecutionListener@4f49e585, org.springframework.test.context.support.DirtiesContextBeforeModesTestExecutionListener@331de830, org.springframework.boot.test.mock.mockito.MockitoTestExecutionListener@4ee1803c, org.springframework.boot.test.autoconfigure.SpringBootDependencyInjectionTestExecutionListener@7fb8e260, org.springframework.test.context.support.DirtiesContextTestExecutionListener@7f5d55df, org.springframework.boot.test.mock.mockito.ResetMocksTestExecutionListener@235d6e6c, org.springframework.boot.test.autoconfigure.restdocs.RestDocsTestExecutionListener@617fea5b, org.springframework.boot.test.autoconfigure.web.client.MockRestServiceServerResetTestExecutionListener@59ecbff6, org.springframework.boot.test.autoconfigure.web.servlet.MockMvcPrintOnlyOnFailureTestExecutionListener@4c8afab9, org.springframework.boot.test.autoconfigure.web.servlet.WebDriverTestExecutionListener@46cd34a]

  .   ____          _            __ _ _
 /\\ / ___'_ __ _ _(_)_ __  __ _ \ \ \ \
( ( )\___ | '_ | '_| | '_ \/ _` | \ \ \ \
 \\/  ___)| |_)| | | | | || (_| |  ) ) ) )
  '  |____| .__|_| |_|_| |_\__, | / / / /
 =========|_|==============|___/=/_/_/_/
 :: Spring Boot ::        (v2.1.3.RELEASE)

2019-02-24 12:57:21.966  INFO 8065 --- [           main] s.cities_graph.CitiesErrorHandlerTest    : Starting CitiesErrorHandlerTest on yoda with PID 8065 (started by sam in /Users/sam/Workspace/cities-graph)
2019-02-24 12:57:21.967 DEBUG 8065 --- [           main] s.cities_graph.CitiesErrorHandlerTest    : Running with Spring Boot v2.1.3.RELEASE, Spring v5.1.5.RELEASE
2019-02-24 12:57:21.967  INFO 8065 --- [           main] s.cities_graph.CitiesErrorHandlerTest    : No active profile set, falling back to default profiles: default
2019-02-24 12:57:22.290 TRACE 8065 --- [           main] s.c.ReadCitiesServiceFromFile            : read OK lines = 4; read Error lines = 0
2019-02-24 12:57:22.587  INFO 8065 --- [           main] pertySourcedRequestMappingHandlerMapping : Mapped URL path [/v2/api-docs] onto method [public org.springframework.http.ResponseEntity<springfox.documentation.spring.web.json.Json> springfox.documentation.swagger2.web.Swagger2Controller.getDocumentation(java.lang.String,javax.servlet.http.HttpServletRequest)]
2019-02-24 12:57:22.798  INFO 8065 --- [           main] o.s.s.concurrent.ThreadPoolTaskExecutor  : Initializing ExecutorService 'applicationTaskExecutor'
2019-02-24 12:57:22.925  INFO 8065 --- [           main] d.s.w.p.DocumentationPluginsBootstrapper : Context refreshed
2019-02-24 12:57:22.926  INFO 8065 --- [           main] d.s.w.p.DocumentationPluginsBootstrapper : Found 1 custom documentation plugin(s)
2019-02-24 12:57:22.931  INFO 8065 --- [           main] s.d.s.w.s.ApiListingReferenceScanner     : Scanning for api listing references
2019-02-24 12:57:22.949  INFO 8065 --- [           main] s.cities_graph.CitiesErrorHandlerTest    : Started CitiesErrorHandlerTest in 1.047 seconds (JVM running for 9.413)
2019-02-24 12:57:23.410 ERROR 8065 --- [           main] sam_wen.cities_graph.CitiesErrorHandler  : /error condition
[INFO] Tests run: 2, Failures: 0, Errors: 0, Skipped: 0, Time elapsed: 1.511 s - in sam_wen.cities_graph.CitiesErrorHandlerTest
[INFO] Running sam_wen.cities_graph.ReadCitiesServiceFromFileTest
2019-02-24 12:57:23.414 TRACE 8065 --- [           main] s.c.ReadCitiesServiceFromFile            : read OK lines = 4; read Error lines = 0
2019-02-24 12:57:23.415 ERROR 8065 --- [           main] s.c.ReadCitiesServiceFromFile            : line 6: format invalid - 
2019-02-24 12:57:23.415 ERROR 8065 --- [           main] s.c.ReadCitiesServiceFromFile            : line 7: format invalid - e
2019-02-24 12:57:23.415 ERROR 8065 --- [           main] s.c.ReadCitiesServiceFromFile            : line 8: format invalid, the first string is empty - , f
2019-02-24 12:57:23.416 ERROR 8065 --- [           main] s.c.ReadCitiesServiceFromFile            : line 9: format invalid - f,
2019-02-24 12:57:23.416 ERROR 8065 --- [           main] s.c.ReadCitiesServiceFromFile            : line 10: format invalid, the second string is empty - f,   
2019-02-24 12:57:23.416 ERROR 8065 --- [           main] s.c.ReadCitiesServiceFromFile            : line 11: format invalid - 
2019-02-24 12:57:23.416 ERROR 8065 --- [           main] s.c.ReadCitiesServiceFromFile            : line 12: format invalid - 
2019-02-24 12:57:23.416 TRACE 8065 --- [           main] s.c.ReadCitiesServiceFromFile            : read OK lines = 5; read Error lines = 7
2019-02-24 12:57:23.417 ERROR 8065 --- [           main] s.c.ReadCitiesServiceFromFile            : ./test/not-existed.txt (No such file or directory) filepath = ./test/not-existed.txt
2019-02-24 12:57:23.417 TRACE 8065 --- [           main] s.c.ReadCitiesServiceFromFile            : read OK lines = 0; read Error lines = 0
2019-02-24 12:57:23.417 ERROR 8065 --- [           main] s.c.ReadCitiesServiceFromFile            : failed to read any data from ./test/empty.txt
2019-02-24 12:57:23.459 TRACE 8065 --- [           main] s.c.ReadCitiesServiceFromFile            : read OK lines = 0; read Error lines = 4
2019-02-24 12:57:23.459 ERROR 8065 --- [           main] s.c.ReadCitiesServiceFromFile            : failed to read any data from test/city.txt
[INFO] Tests run: 5, Failures: 0, Errors: 0, Skipped: 0, Time elapsed: 0.041 s - in sam_wen.cities_graph.ReadCitiesServiceFromFileTest
[INFO] Running sam_wen.cities_graph.CitiesControllerTest
2019-02-24 12:57:23.461  INFO 8065 --- [           main] .b.t.c.SpringBootTestContextBootstrapper : Neither @ContextConfiguration nor @ContextHierarchy found for test class [sam_wen.cities_graph.CitiesControllerTest], using SpringBootContextLoader
2019-02-24 12:57:23.461  INFO 8065 --- [           main] o.s.t.c.support.AbstractContextLoader    : Could not detect default resource locations for test class [sam_wen.cities_graph.CitiesControllerTest]: no resource found for suffixes {-context.xml, Context.groovy}.
2019-02-24 12:57:23.461  INFO 8065 --- [           main] t.c.s.AnnotationConfigContextLoaderUtils : Could not detect default configuration classes for test class [sam_wen.cities_graph.CitiesControllerTest]: CitiesControllerTest does not declare any static, non-private, non-final, nested classes annotated with @Configuration.
2019-02-24 12:57:23.462  INFO 8065 --- [           main] .b.t.c.SpringBootTestContextBootstrapper : Found @SpringBootConfiguration sam_wen.cities_graph.CitiesApplication for test class sam_wen.cities_graph.CitiesControllerTest
2019-02-24 12:57:23.464  INFO 8065 --- [           main] .b.t.c.SpringBootTestContextBootstrapper : Loaded default TestExecutionListener class names from location [META-INF/spring.factories]: [org.springframework.boot.test.mock.mockito.MockitoTestExecutionListener, org.springframework.boot.test.mock.mockito.ResetMocksTestExecutionListener, org.springframework.boot.test.autoconfigure.restdocs.RestDocsTestExecutionListener, org.springframework.boot.test.autoconfigure.web.client.MockRestServiceServerResetTestExecutionListener, org.springframework.boot.test.autoconfigure.web.servlet.MockMvcPrintOnlyOnFailureTestExecutionListener, org.springframework.boot.test.autoconfigure.web.servlet.WebDriverTestExecutionListener, org.springframework.test.context.web.ServletTestExecutionListener, org.springframework.test.context.support.DirtiesContextBeforeModesTestExecutionListener, org.springframework.test.context.support.DependencyInjectionTestExecutionListener, org.springframework.test.context.support.DirtiesContextTestExecutionListener, org.springframework.test.context.transaction.TransactionalTestExecutionListener, org.springframework.test.context.jdbc.SqlScriptsTestExecutionListener]
2019-02-24 12:57:23.465  INFO 8065 --- [           main] .b.t.c.SpringBootTestContextBootstrapper : Using TestExecutionListeners: [org.springframework.test.context.web.ServletTestExecutionListener@539ba851, org.springframework.test.context.support.DirtiesContextBeforeModesTestExecutionListener@55bc58df, org.springframework.boot.test.mock.mockito.MockitoTestExecutionListener@43e3da00, org.springframework.boot.test.autoconfigure.SpringBootDependencyInjectionTestExecutionListener@5e484f15, org.springframework.test.context.support.DirtiesContextTestExecutionListener@509fbdad, org.springframework.boot.test.mock.mockito.ResetMocksTestExecutionListener@67526dc1, org.springframework.boot.test.autoconfigure.restdocs.RestDocsTestExecutionListener@3a3c98f1, org.springframework.boot.test.autoconfigure.web.client.MockRestServiceServerResetTestExecutionListener@26105844, org.springframework.boot.test.autoconfigure.web.servlet.MockMvcPrintOnlyOnFailureTestExecutionListener@bcfebfe, org.springframework.boot.test.autoconfigure.web.servlet.WebDriverTestExecutionListener@7f87b323]
2019-02-24 12:57:23.473 ERROR 8065 --- [           main] sam_wen.cities_graph.AdjacencyListGraph  : origin is empty
2019-02-24 12:57:23.476 ERROR 8065 --- [           main] sam_wen.cities_graph.AdjacencyListGraph  : origin is empty
2019-02-24 12:57:23.479 ERROR 8065 --- [           main] sam_wen.cities_graph.AdjacencyListGraph  : origin is null
[INFO] Tests run: 7, Failures: 0, Errors: 0, Skipped: 0, Time elapsed: 0.032 s - in sam_wen.cities_graph.CitiesControllerTest
[INFO] Running sam_wen.cities_graph.CitiesConfigurationTest
2019-02-24 12:57:23.491  INFO 8065 --- [           main] .b.t.c.SpringBootTestContextBootstrapper : Neither @ContextConfiguration nor @ContextHierarchy found for test class [sam_wen.cities_graph.CitiesConfigurationTest], using SpringBootContextLoader
2019-02-24 12:57:23.492  INFO 8065 --- [           main] o.s.t.c.support.AbstractContextLoader    : Could not detect default resource locations for test class [sam_wen.cities_graph.CitiesConfigurationTest]: no resource found for suffixes {-context.xml, Context.groovy}.
2019-02-24 12:57:23.492  INFO 8065 --- [           main] t.c.s.AnnotationConfigContextLoaderUtils : Could not detect default configuration classes for test class [sam_wen.cities_graph.CitiesConfigurationTest]: CitiesConfigurationTest does not declare any static, non-private, non-final, nested classes annotated with @Configuration.
2019-02-24 12:57:23.494  INFO 8065 --- [           main] .b.t.c.SpringBootTestContextBootstrapper : Found @SpringBootConfiguration sam_wen.cities_graph.CitiesApplication for test class sam_wen.cities_graph.CitiesConfigurationTest
2019-02-24 12:57:23.495  INFO 8065 --- [           main] .b.t.c.SpringBootTestContextBootstrapper : Loaded default TestExecutionListener class names from location [META-INF/spring.factories]: [org.springframework.boot.test.mock.mockito.MockitoTestExecutionListener, org.springframework.boot.test.mock.mockito.ResetMocksTestExecutionListener, org.springframework.boot.test.autoconfigure.restdocs.RestDocsTestExecutionListener, org.springframework.boot.test.autoconfigure.web.client.MockRestServiceServerResetTestExecutionListener, org.springframework.boot.test.autoconfigure.web.servlet.MockMvcPrintOnlyOnFailureTestExecutionListener, org.springframework.boot.test.autoconfigure.web.servlet.WebDriverTestExecutionListener, org.springframework.test.context.web.ServletTestExecutionListener, org.springframework.test.context.support.DirtiesContextBeforeModesTestExecutionListener, org.springframework.test.context.support.DependencyInjectionTestExecutionListener, org.springframework.test.context.support.DirtiesContextTestExecutionListener, org.springframework.test.context.transaction.TransactionalTestExecutionListener, org.springframework.test.context.jdbc.SqlScriptsTestExecutionListener]
2019-02-24 12:57:23.496  INFO 8065 --- [           main] .b.t.c.SpringBootTestContextBootstrapper : Using TestExecutionListeners: [org.springframework.test.context.web.ServletTestExecutionListener@336cc9db, org.springframework.test.context.support.DirtiesContextBeforeModesTestExecutionListener@c49343, org.springframework.boot.test.mock.mockito.MockitoTestExecutionListener@227b27d8, org.springframework.boot.test.autoconfigure.SpringBootDependencyInjectionTestExecutionListener@502a4a38, org.springframework.test.context.support.DirtiesContextTestExecutionListener@55d73f7, org.springframework.boot.test.mock.mockito.ResetMocksTestExecutionListener@2127a694, org.springframework.boot.test.autoconfigure.restdocs.RestDocsTestExecutionListener@5a19008f, org.springframework.boot.test.autoconfigure.web.client.MockRestServiceServerResetTestExecutionListener@5860fa7e, org.springframework.boot.test.autoconfigure.web.servlet.MockMvcPrintOnlyOnFailureTestExecutionListener@364cf84e, org.springframework.boot.test.autoconfigure.web.servlet.WebDriverTestExecutionListener@2a43fb15]
[INFO] Tests run: 1, Failures: 0, Errors: 0, Skipped: 0, Time elapsed: 0.025 s - in sam_wen.cities_graph.CitiesConfigurationTest
2019-02-24 12:57:23.548  INFO 8065 --- [       Thread-7] o.s.s.concurrent.ThreadPoolTaskExecutor  : Shutting down ExecutorService 'applicationTaskExecutor'
2019-02-24 12:57:23.549  INFO 8065 --- [       Thread-9] o.s.s.concurrent.ThreadPoolTaskExecutor  : Shutting down ExecutorService 'applicationTaskExecutor'
2019-02-24 12:57:23.550  INFO 8065 --- [       Thread-4] o.s.s.concurrent.ThreadPoolTaskExecutor  : Shutting down ExecutorService 'applicationTaskExecutor'
[INFO] 
[INFO] Results:
[INFO] 
[INFO] Tests run: 29, Failures: 0, Errors: 0, Skipped: 0
[INFO] 
[INFO] 
[INFO] --- jacoco-maven-plugin:0.7.7.201606060606:report (post-unit-test) @ cities-graph ---
[INFO] Loading execution data file /Users/sam/Workspace/cities-graph/target/jacoco.exec
[INFO] Analyzed bundle 'cities-graph' with 6 classes
[INFO] ------------------------------------------------------------------------
[INFO] BUILD SUCCESS
[INFO] ------------------------------------------------------------------------
[INFO] Total time:  14.168 s
[INFO] Finished at: 2019-02-24T12:57:25-05:00
[INFO] ------------------------------------------------------------------------
